<?xml version="1.0" encoding="UTF-8"?>
<testsuite xmlns:xsi="http://www.w3.org/2001/XMLSchema-instance" xsi:noNamespaceSchemaLocation="https://maven.apache.org/surefire/maven-surefire-plugin/xsd/surefire-test-report.xsd" name="com.sap.cloud.security.samples.ApplicationTest" time="2.344" tests="1" errors="0" skipped="0" failures="0">
  <properties>
    <property name="gopherProxySet" value="false"/>
    <property name="awt.toolkit" value="sun.lwawt.macosx.LWCToolkit"/>
    <property name="java.specification.version" value="11"/>
    <property name="sun.cpu.isalist" value=""/>
    <property name="sun.jnu.encoding" value="UTF-8"/>
    <property name="java.class.path" value="/Users/d028779/GitHub/cloud-authorization-samples/spring-security-ams/target/test-classes:/Users/d028779/GitHub/cloud-authorization-samples/spring-security-ams/target/classes:/Users/d028779/.m2/repository/org/springframework/boot/spring-boot-starter-web/2.7.4/spring-boot-starter-web-2.7.4.jar:/Users/d028779/.m2/repository/org/springframework/boot/spring-boot-starter/2.7.4/spring-boot-starter-2.7.4.jar:/Users/d028779/.m2/repository/org/springframework/boot/spring-boot/2.7.4/spring-boot-2.7.4.jar:/Users/d028779/.m2/repository/org/springframework/boot/spring-boot-starter-logging/2.7.4/spring-boot-starter-logging-2.7.4.jar:/Users/d028779/.m2/repository/ch/qos/logback/logback-classic/1.2.11/logback-classic-1.2.11.jar:/Users/d028779/.m2/repository/ch/qos/logback/logback-core/1.2.11/logback-core-1.2.11.jar:/Users/d028779/.m2/repository/org/apache/logging/log4j/log4j-to-slf4j/2.17.2/log4j-to-slf4j-2.17.2.jar:/Users/d028779/.m2/repository/org/apache/logging/log4j/log4j-api/2.17.2/log4j-api-2.17.2.jar:/Users/d028779/.m2/repository/org/slf4j/jul-to-slf4j/1.7.36/jul-to-slf4j-1.7.36.jar:/Users/d028779/.m2/repository/jakarta/annotation/jakarta.annotation-api/1.3.5/jakarta.annotation-api-1.3.5.jar:/Users/d028779/.m2/repository/org/yaml/snakeyaml/1.30/snakeyaml-1.30.jar:/Users/d028779/.m2/repository/org/springframework/boot/spring-boot-starter-json/2.7.4/spring-boot-starter-json-2.7.4.jar:/Users/d028779/.m2/repository/com/fasterxml/jackson/core/jackson-databind/2.13.4.2/jackson-databind-2.13.4.2.jar:/Users/d028779/.m2/repository/com/fasterxml/jackson/core/jackson-annotations/2.13.4/jackson-annotations-2.13.4.jar:/Users/d028779/.m2/repository/com/fasterxml/jackson/core/jackson-core/2.13.4/jackson-core-2.13.4.jar:/Users/d028779/.m2/repository/com/fasterxml/jackson/datatype/jackson-datatype-jdk8/2.13.4/jackson-datatype-jdk8-2.13.4.jar:/Users/d028779/.m2/repository/com/fasterxml/jackson/datatype/jackson-datatype-jsr310/2.13.4/jackson-datatype-jsr310-2.13.4.jar:/Users/d028779/.m2/repository/com/fasterxml/jackson/module/jackson-module-parameter-names/2.13.4/jackson-module-parameter-names-2.13.4.jar:/Users/d028779/.m2/repository/org/springframework/boot/spring-boot-starter-tomcat/2.7.4/spring-boot-starter-tomcat-2.7.4.jar:/Users/d028779/.m2/repository/org/apache/tomcat/embed/tomcat-embed-core/9.0.65/tomcat-embed-core-9.0.65.jar:/Users/d028779/.m2/repository/org/apache/tomcat/embed/tomcat-embed-el/9.0.65/tomcat-embed-el-9.0.65.jar:/Users/d028779/.m2/repository/org/apache/tomcat/embed/tomcat-embed-websocket/9.0.65/tomcat-embed-websocket-9.0.65.jar:/Users/d028779/.m2/repository/org/springframework/spring-web/5.3.23/spring-web-5.3.23.jar:/Users/d028779/.m2/repository/org/springframework/spring-beans/5.3.23/spring-beans-5.3.23.jar:/Users/d028779/.m2/repository/org/springframework/spring-webmvc/5.3.23/spring-webmvc-5.3.23.jar:/Users/d028779/.m2/repository/org/springframework/spring-context/5.3.23/spring-context-5.3.23.jar:/Users/d028779/.m2/repository/org/springframework/spring-expression/5.3.23/spring-expression-5.3.23.jar:/Users/d028779/.m2/repository/com/sap/cloud/security/resourceserver-security-spring-boot-starter/2.13.3/resourceserver-security-spring-boot-starter-2.13.3.jar:/Users/d028779/.m2/repository/com/sap/cloud/security/spring-security/2.13.3/spring-security-2.13.3.jar:/Users/d028779/.m2/repository/com/sap/cloud/security/java-security/2.13.3/java-security-2.13.3.jar:/Users/d028779/.m2/repository/com/sap/cloud/security/env/2.13.3/env-2.13.3.jar:/Users/d028779/.m2/repository/com/sap/cloud/environment/servicebinding/java-sap-service-operator/0.4.1/java-sap-service-operator-0.4.1.jar:/Users/d028779/.m2/repository/com/sap/cloud/environment/servicebinding/api/java-core-api/0.4.1/java-core-api-0.4.1.jar:/Users/d028779/.m2/repository/com/google/code/findbugs/jsr305/3.0.2/jsr305-3.0.2.jar:/Users/d028779/.m2/repository/com/sap/cloud/environment/servicebinding/api/java-consumption-api/0.4.1/java-consumption-api-0.4.1.jar:/Users/d028779/.m2/repository/com/sap/cloud/environment/servicebinding/api/java-access-api/0.4.1/java-access-api-0.4.1.jar:/Users/d028779/.m2/repository/org/json/json/20220320/json-20220320.jar:/Users/d028779/.m2/repository/commons-io/commons-io/2.8.0/commons-io-2.8.0.jar:/Users/d028779/.m2/repository/com/sap/cloud/security/xsuaa/token-client/2.13.3/token-client-2.13.3.jar:/Users/d028779/.m2/repository/com/sap/cloud/security/xsuaa/api/2.13.3/api-2.13.3.jar:/Users/d028779/.m2/repository/com/github/ben-manes/caffeine/caffeine/2.9.3/caffeine-2.9.3.jar:/Users/d028779/.m2/repository/org/checkerframework/checker-qual/3.19.0/checker-qual-3.19.0.jar:/Users/d028779/.m2/repository/com/google/errorprone/error_prone_annotations/2.10.0/error_prone_annotations-2.10.0.jar:/Users/d028779/.m2/repository/org/springframework/security/spring-security-oauth2-jose/5.7.5/spring-security-oauth2-jose-5.7.5.jar:/Users/d028779/.m2/repository/org/springframework/security/spring-security-oauth2-core/5.7.5/spring-security-oauth2-core-5.7.5.jar:/Users/d028779/.m2/repository/com/nimbusds/nimbus-jose-jwt/9.22/nimbus-jose-jwt-9.22.jar:/Users/d028779/.m2/repository/com/github/stephenc/jcip/jcip-annotations/1.0-1/jcip-annotations-1.0-1.jar:/Users/d028779/.m2/repository/org/springframework/security/spring-security-oauth2-resource-server/5.7.5/spring-security-oauth2-resource-server-5.7.5.jar:/Users/d028779/.m2/repository/org/springframework/boot/spring-boot-autoconfigure/2.7.4/spring-boot-autoconfigure-2.7.4.jar:/Users/d028779/.m2/repository/com/sap/cloud/security/java-api/2.13.3/java-api-2.13.3.jar:/Users/d028779/.m2/repository/com/sap/cloud/security/ams/client/spring-boot-starter-ams-resourceserver/0.12.2/spring-boot-starter-ams-resourceserver-0.12.2.jar:/Users/d028779/.m2/repository/com/sap/cloud/security/ams/client/spring-ams/0.12.2/spring-ams-0.12.2.jar:/Users/d028779/.m2/repository/com/sap/cloud/security/ams/client/java-ams/0.12.2/java-ams-0.12.2.jar:/Users/d028779/.m2/repository/org/springframework/security/spring-security-config/5.7.5/spring-security-config-5.7.5.jar:/Users/d028779/.m2/repository/org/springframework/boot/spring-boot-starter-security/2.7.4/spring-boot-starter-security-2.7.4.jar:/Users/d028779/.m2/repository/org/springframework/spring-aop/5.3.23/spring-aop-5.3.23.jar:/Users/d028779/.m2/repository/org/springframework/security/spring-security-web/5.7.5/spring-security-web-5.7.5.jar:/Users/d028779/.m2/repository/org/apache/httpcomponents/httpclient/4.5.13/httpclient-4.5.13.jar:/Users/d028779/.m2/repository/org/apache/httpcomponents/httpcore/4.4.15/httpcore-4.4.15.jar:/Users/d028779/.m2/repository/commons-codec/commons-codec/1.15/commons-codec-1.15.jar:/Users/d028779/.m2/repository/org/springframework/boot/spring-boot-starter-test/2.7.4/spring-boot-starter-test-2.7.4.jar:/Users/d028779/.m2/repository/org/springframework/boot/spring-boot-test/2.7.4/spring-boot-test-2.7.4.jar:/Users/d028779/.m2/repository/org/springframework/boot/spring-boot-test-autoconfigure/2.7.4/spring-boot-test-autoconfigure-2.7.4.jar:/Users/d028779/.m2/repository/com/jayway/jsonpath/json-path/2.7.0/json-path-2.7.0.jar:/Users/d028779/.m2/repository/net/minidev/json-smart/2.4.8/json-smart-2.4.8.jar:/Users/d028779/.m2/repository/net/minidev/accessors-smart/2.4.8/accessors-smart-2.4.8.jar:/Users/d028779/.m2/repository/org/ow2/asm/asm/9.1/asm-9.1.jar:/Users/d028779/.m2/repository/org/slf4j/slf4j-api/1.7.36/slf4j-api-1.7.36.jar:/Users/d028779/.m2/repository/jakarta/xml/bind/jakarta.xml.bind-api/2.3.3/jakarta.xml.bind-api-2.3.3.jar:/Users/d028779/.m2/repository/jakarta/activation/jakarta.activation-api/1.2.2/jakarta.activation-api-1.2.2.jar:/Users/d028779/.m2/repository/org/assertj/assertj-core/3.22.0/assertj-core-3.22.0.jar:/Users/d028779/.m2/repository/org/hamcrest/hamcrest/2.2/hamcrest-2.2.jar:/Users/d028779/.m2/repository/org/junit/jupiter/junit-jupiter/5.8.2/junit-jupiter-5.8.2.jar:/Users/d028779/.m2/repository/org/junit/jupiter/junit-jupiter-api/5.8.2/junit-jupiter-api-5.8.2.jar:/Users/d028779/.m2/repository/org/opentest4j/opentest4j/1.2.0/opentest4j-1.2.0.jar:/Users/d028779/.m2/repository/org/junit/platform/junit-platform-commons/1.8.2/junit-platform-commons-1.8.2.jar:/Users/d028779/.m2/repository/org/apiguardian/apiguardian-api/1.1.2/apiguardian-api-1.1.2.jar:/Users/d028779/.m2/repository/org/junit/jupiter/junit-jupiter-params/5.8.2/junit-jupiter-params-5.8.2.jar:/Users/d028779/.m2/repository/org/junit/jupiter/junit-jupiter-engine/5.8.2/junit-jupiter-engine-5.8.2.jar:/Users/d028779/.m2/repository/org/junit/platform/junit-platform-engine/1.8.2/junit-platform-engine-1.8.2.jar:/Users/d028779/.m2/repository/org/mockito/mockito-core/4.8.0/mockito-core-4.8.0.jar:/Users/d028779/.m2/repository/net/bytebuddy/byte-buddy/1.12.17/byte-buddy-1.12.17.jar:/Users/d028779/.m2/repository/net/bytebuddy/byte-buddy-agent/1.12.17/byte-buddy-agent-1.12.17.jar:/Users/d028779/.m2/repository/org/objenesis/objenesis/3.2/objenesis-3.2.jar:/Users/d028779/.m2/repository/org/mockito/mockito-junit-jupiter/4.5.1/mockito-junit-jupiter-4.5.1.jar:/Users/d028779/.m2/repository/org/springframework/spring-core/5.3.23/spring-core-5.3.23.jar:/Users/d028779/.m2/repository/org/springframework/spring-jcl/5.3.23/spring-jcl-5.3.23.jar:/Users/d028779/.m2/repository/org/springframework/spring-test/5.3.23/spring-test-5.3.23.jar:/Users/d028779/.m2/repository/org/xmlunit/xmlunit-core/2.9.0/xmlunit-core-2.9.0.jar:/Users/d028779/.m2/repository/org/springframework/security/spring-security-test/5.7.5/spring-security-test-5.7.5.jar:/Users/d028779/.m2/repository/org/springframework/security/spring-security-core/5.7.5/spring-security-core-5.7.5.jar:/Users/d028779/.m2/repository/org/springframework/security/spring-security-crypto/5.7.5/spring-security-crypto-5.7.5.jar:/Users/d028779/.m2/repository/com/sap/cloud/security/ams/client/spring-boot-starter-ams-test/0.12.2/spring-boot-starter-ams-test-0.12.2.jar:/Users/d028779/.m2/repository/com/sap/cloud/security/ams/client/java-ams-test/0.12.2/java-ams-test-0.12.2.jar:/Users/d028779/.m2/repository/com/sap/cloud/security/ams/dcl/rt.opa/0.12.2/rt.opa-0.12.2.jar:/Users/d028779/.m2/repository/com/sap/cloud/security/ams/dcl/spi/0.12.2/spi-0.12.2.jar:/Users/d028779/.m2/repository/com/google/code/gson/gson/2.9.1/gson-2.9.1.jar:/Users/d028779/.m2/repository/com/sap/cloud/security/opa/binaries.linux/0.42.1-sap-0.2.9/binaries.linux-0.42.1-sap-0.2.9.jar:/Users/d028779/.m2/repository/com/sap/cloud/security/opa/binaries.macos/0.42.1-sap-0.2.9/binaries.macos-0.42.1-sap-0.2.9.jar:/Users/d028779/.m2/repository/com/sap/cloud/security/opa/binaries.windows/0.42.1-sap-0.2.9/binaries.windows-0.42.1-sap-0.2.9.jar:/Users/d028779/.m2/repository/com/sap/cloud/security/ams/dcl/client/0.12.2/client-0.12.2.jar:/Users/d028779/.m2/repository/com/sap/cloud/security/java-security-test/2.13.3/java-security-test-2.13.3.jar:/Users/d028779/.m2/repository/org/eclipse/jetty/jetty-server/9.4.49.v20220914/jetty-server-9.4.49.v20220914.jar:/Users/d028779/.m2/repository/org/eclipse/jetty/jetty-http/9.4.49.v20220914/jetty-http-9.4.49.v20220914.jar:/Users/d028779/.m2/repository/org/eclipse/jetty/jetty-servlet/9.4.49.v20220914/jetty-servlet-9.4.49.v20220914.jar:/Users/d028779/.m2/repository/org/eclipse/jetty/jetty-security/9.4.49.v20220914/jetty-security-9.4.49.v20220914.jar:/Users/d028779/.m2/repository/org/eclipse/jetty/jetty-util-ajax/9.4.49.v20220914/jetty-util-ajax-9.4.49.v20220914.jar:/Users/d028779/.m2/repository/org/eclipse/jetty/jetty-webapp/9.4.49.v20220914/jetty-webapp-9.4.49.v20220914.jar:/Users/d028779/.m2/repository/org/eclipse/jetty/jetty-xml/9.4.49.v20220914/jetty-xml-9.4.49.v20220914.jar:/Users/d028779/.m2/repository/org/eclipse/jetty/jetty-annotations/9.4.49.v20220914/jetty-annotations-9.4.49.v20220914.jar:/Users/d028779/.m2/repository/org/eclipse/jetty/jetty-plus/9.4.49.v20220914/jetty-plus-9.4.49.v20220914.jar:/Users/d028779/.m2/repository/org/eclipse/jetty/jetty-jndi/9.4.49.v20220914/jetty-jndi-9.4.49.v20220914.jar:/Users/d028779/.m2/repository/javax/annotation/javax.annotation-api/1.3.2/javax.annotation-api-1.3.2.jar:/Users/d028779/.m2/repository/org/ow2/asm/asm-commons/9.3/asm-commons-9.3.jar:/Users/d028779/.m2/repository/org/ow2/asm/asm-tree/9.3/asm-tree-9.3.jar:/Users/d028779/.m2/repository/org/ow2/asm/asm-analysis/9.3/asm-analysis-9.3.jar:/Users/d028779/.m2/repository/org/eclipse/jetty/jetty-io/9.4.49.v20220914/jetty-io-9.4.49.v20220914.jar:/Users/d028779/.m2/repository/org/eclipse/jetty/jetty-util/9.4.49.v20220914/jetty-util-9.4.49.v20220914.jar:/Users/d028779/.m2/repository/com/github/tomakehurst/wiremock-jre8/2.33.2/wiremock-jre8-2.33.2.jar:/Users/d028779/.m2/repository/org/eclipse/jetty/jetty-servlets/9.4.49.v20220914/jetty-servlets-9.4.49.v20220914.jar:/Users/d028779/.m2/repository/org/eclipse/jetty/jetty-continuation/9.4.49.v20220914/jetty-continuation-9.4.49.v20220914.jar:/Users/d028779/.m2/repository/org/eclipse/jetty/jetty-proxy/9.4.49.v20220914/jetty-proxy-9.4.49.v20220914.jar:/Users/d028779/.m2/repository/org/eclipse/jetty/jetty-client/9.4.49.v20220914/jetty-client-9.4.49.v20220914.jar:/Users/d028779/.m2/repository/org/eclipse/jetty/http2/http2-server/9.4.49.v20220914/http2-server-9.4.49.v20220914.jar:/Users/d028779/.m2/repository/org/eclipse/jetty/http2/http2-common/9.4.49.v20220914/http2-common-9.4.49.v20220914.jar:/Users/d028779/.m2/repository/org/eclipse/jetty/http2/http2-hpack/9.4.49.v20220914/http2-hpack-9.4.49.v20220914.jar:/Users/d028779/.m2/repository/org/eclipse/jetty/jetty-alpn-server/9.4.49.v20220914/jetty-alpn-server-9.4.49.v20220914.jar:/Users/d028779/.m2/repository/org/eclipse/jetty/jetty-alpn-java-server/9.4.49.v20220914/jetty-alpn-java-server-9.4.49.v20220914.jar:/Users/d028779/.m2/repository/org/eclipse/jetty/jetty-alpn-openjdk8-server/9.4.49.v20220914/jetty-alpn-openjdk8-server-9.4.49.v20220914.jar:/Users/d028779/.m2/repository/org/eclipse/jetty/jetty-alpn-java-client/9.4.49.v20220914/jetty-alpn-java-client-9.4.49.v20220914.jar:/Users/d028779/.m2/repository/org/eclipse/jetty/jetty-alpn-client/9.4.49.v20220914/jetty-alpn-client-9.4.49.v20220914.jar:/Users/d028779/.m2/repository/org/eclipse/jetty/jetty-alpn-openjdk8-client/9.4.49.v20220914/jetty-alpn-openjdk8-client-9.4.49.v20220914.jar:/Users/d028779/.m2/repository/com/google/guava/guava/30.0-jre/guava-30.0-jre.jar:/Users/d028779/.m2/repository/com/google/guava/failureaccess/1.0.1/failureaccess-1.0.1.jar:/Users/d028779/.m2/repository/com/google/guava/listenablefuture/9999.0-empty-to-avoid-conflict-with-guava/listenablefuture-9999.0-empty-to-avoid-conflict-with-guava.jar:/Users/d028779/.m2/repository/com/google/j2objc/j2objc-annotations/1.3/j2objc-annotations-1.3.jar:/Users/d028779/.m2/repository/org/apache/httpcomponents/client5/httpclient5/5.1.3/httpclient5-5.1.3.jar:/Users/d028779/.m2/repository/org/apache/httpcomponents/core5/httpcore5/5.1.4/httpcore5-5.1.4.jar:/Users/d028779/.m2/repository/org/apache/httpcomponents/core5/httpcore5-h2/5.1.4/httpcore5-h2-5.1.4.jar:/Users/d028779/.m2/repository/org/xmlunit/xmlunit-legacy/2.9.0/xmlunit-legacy-2.9.0.jar:/Users/d028779/.m2/repository/org/xmlunit/xmlunit-placeholders/2.9.0/xmlunit-placeholders-2.9.0.jar:/Users/d028779/.m2/repository/net/javacrumbs/json-unit/json-unit-core/2.33.0/json-unit-core-2.33.0.jar:/Users/d028779/.m2/repository/org/hamcrest/hamcrest-core/2.2/hamcrest-core-2.2.jar:/Users/d028779/.m2/repository/net/sf/jopt-simple/jopt-simple/5.0.4/jopt-simple-5.0.4.jar:/Users/d028779/.m2/repository/org/apache/commons/commons-lang3/3.12.0/commons-lang3-3.12.0.jar:/Users/d028779/.m2/repository/com/github/jknack/handlebars/4.3.0/handlebars-4.3.0.jar:/Users/d028779/.m2/repository/com/github/jknack/handlebars-helpers/4.3.0/handlebars-helpers-4.3.0.jar:/Users/d028779/.m2/repository/commons-fileupload/commons-fileupload/1.4/commons-fileupload-1.4.jar:"/>
    <property name="java.vm.vendor" value="AdoptOpenJDK"/>
    <property name="sun.arch.data.model" value="64"/>
    <property name="java.vendor.url" value="https://adoptopenjdk.net/"/>
    <property name="user.timezone" value=""/>
    <property name="java.vm.specification.version" value="11"/>
    <property name="os.name" value="Mac OS X"/>
    <property name="sun.java.launcher" value="SUN_STANDARD"/>
    <property name="user.country" value="DE"/>
    <property name="sun.boot.library.path" value="/Library/Java/JavaVirtualMachines/adoptopenjdk-11.jdk/Contents/Home/lib"/>
    <property name="sun.java.command" value="/Users/d028779/GitHub/cloud-authorization-samples/spring-security-ams/target/surefire/surefirebooter2659956898560769839.jar /Users/d028779/GitHub/cloud-authorization-samples/spring-security-ams/target/surefire 2022-11-10T13-23-51_462-jvmRun1 surefire11174682470359764953tmp surefire_014176954688702457773tmp"/>
    <property name="jdk.debug" value="release"/>
    <property name="surefire.test.class.path" value="/Users/d028779/GitHub/cloud-authorization-samples/spring-security-ams/target/test-classes:/Users/d028779/GitHub/cloud-authorization-samples/spring-security-ams/target/classes:/Users/d028779/.m2/repository/org/springframework/boot/spring-boot-starter-web/2.7.4/spring-boot-starter-web-2.7.4.jar:/Users/d028779/.m2/repository/org/springframework/boot/spring-boot-starter/2.7.4/spring-boot-starter-2.7.4.jar:/Users/d028779/.m2/repository/org/springframework/boot/spring-boot/2.7.4/spring-boot-2.7.4.jar:/Users/d028779/.m2/repository/org/springframework/boot/spring-boot-starter-logging/2.7.4/spring-boot-starter-logging-2.7.4.jar:/Users/d028779/.m2/repository/ch/qos/logback/logback-classic/1.2.11/logback-classic-1.2.11.jar:/Users/d028779/.m2/repository/ch/qos/logback/logback-core/1.2.11/logback-core-1.2.11.jar:/Users/d028779/.m2/repository/org/apache/logging/log4j/log4j-to-slf4j/2.17.2/log4j-to-slf4j-2.17.2.jar:/Users/d028779/.m2/repository/org/apache/logging/log4j/log4j-api/2.17.2/log4j-api-2.17.2.jar:/Users/d028779/.m2/repository/org/slf4j/jul-to-slf4j/1.7.36/jul-to-slf4j-1.7.36.jar:/Users/d028779/.m2/repository/jakarta/annotation/jakarta.annotation-api/1.3.5/jakarta.annotation-api-1.3.5.jar:/Users/d028779/.m2/repository/org/yaml/snakeyaml/1.30/snakeyaml-1.30.jar:/Users/d028779/.m2/repository/org/springframework/boot/spring-boot-starter-json/2.7.4/spring-boot-starter-json-2.7.4.jar:/Users/d028779/.m2/repository/com/fasterxml/jackson/core/jackson-databind/2.13.4.2/jackson-databind-2.13.4.2.jar:/Users/d028779/.m2/repository/com/fasterxml/jackson/core/jackson-annotations/2.13.4/jackson-annotations-2.13.4.jar:/Users/d028779/.m2/repository/com/fasterxml/jackson/core/jackson-core/2.13.4/jackson-core-2.13.4.jar:/Users/d028779/.m2/repository/com/fasterxml/jackson/datatype/jackson-datatype-jdk8/2.13.4/jackson-datatype-jdk8-2.13.4.jar:/Users/d028779/.m2/repository/com/fasterxml/jackson/datatype/jackson-datatype-jsr310/2.13.4/jackson-datatype-jsr310-2.13.4.jar:/Users/d028779/.m2/repository/com/fasterxml/jackson/module/jackson-module-parameter-names/2.13.4/jackson-module-parameter-names-2.13.4.jar:/Users/d028779/.m2/repository/org/springframework/boot/spring-boot-starter-tomcat/2.7.4/spring-boot-starter-tomcat-2.7.4.jar:/Users/d028779/.m2/repository/org/apache/tomcat/embed/tomcat-embed-core/9.0.65/tomcat-embed-core-9.0.65.jar:/Users/d028779/.m2/repository/org/apache/tomcat/embed/tomcat-embed-el/9.0.65/tomcat-embed-el-9.0.65.jar:/Users/d028779/.m2/repository/org/apache/tomcat/embed/tomcat-embed-websocket/9.0.65/tomcat-embed-websocket-9.0.65.jar:/Users/d028779/.m2/repository/org/springframework/spring-web/5.3.23/spring-web-5.3.23.jar:/Users/d028779/.m2/repository/org/springframework/spring-beans/5.3.23/spring-beans-5.3.23.jar:/Users/d028779/.m2/repository/org/springframework/spring-webmvc/5.3.23/spring-webmvc-5.3.23.jar:/Users/d028779/.m2/repository/org/springframework/spring-context/5.3.23/spring-context-5.3.23.jar:/Users/d028779/.m2/repository/org/springframework/spring-expression/5.3.23/spring-expression-5.3.23.jar:/Users/d028779/.m2/repository/com/sap/cloud/security/resourceserver-security-spring-boot-starter/2.13.3/resourceserver-security-spring-boot-starter-2.13.3.jar:/Users/d028779/.m2/repository/com/sap/cloud/security/spring-security/2.13.3/spring-security-2.13.3.jar:/Users/d028779/.m2/repository/com/sap/cloud/security/java-security/2.13.3/java-security-2.13.3.jar:/Users/d028779/.m2/repository/com/sap/cloud/security/env/2.13.3/env-2.13.3.jar:/Users/d028779/.m2/repository/com/sap/cloud/environment/servicebinding/java-sap-service-operator/0.4.1/java-sap-service-operator-0.4.1.jar:/Users/d028779/.m2/repository/com/sap/cloud/environment/servicebinding/api/java-core-api/0.4.1/java-core-api-0.4.1.jar:/Users/d028779/.m2/repository/com/google/code/findbugs/jsr305/3.0.2/jsr305-3.0.2.jar:/Users/d028779/.m2/repository/com/sap/cloud/environment/servicebinding/api/java-consumption-api/0.4.1/java-consumption-api-0.4.1.jar:/Users/d028779/.m2/repository/com/sap/cloud/environment/servicebinding/api/java-access-api/0.4.1/java-access-api-0.4.1.jar:/Users/d028779/.m2/repository/org/json/json/20220320/json-20220320.jar:/Users/d028779/.m2/repository/commons-io/commons-io/2.8.0/commons-io-2.8.0.jar:/Users/d028779/.m2/repository/com/sap/cloud/security/xsuaa/token-client/2.13.3/token-client-2.13.3.jar:/Users/d028779/.m2/repository/com/sap/cloud/security/xsuaa/api/2.13.3/api-2.13.3.jar:/Users/d028779/.m2/repository/com/github/ben-manes/caffeine/caffeine/2.9.3/caffeine-2.9.3.jar:/Users/d028779/.m2/repository/org/checkerframework/checker-qual/3.19.0/checker-qual-3.19.0.jar:/Users/d028779/.m2/repository/com/google/errorprone/error_prone_annotations/2.10.0/error_prone_annotations-2.10.0.jar:/Users/d028779/.m2/repository/org/springframework/security/spring-security-oauth2-jose/5.7.5/spring-security-oauth2-jose-5.7.5.jar:/Users/d028779/.m2/repository/org/springframework/security/spring-security-oauth2-core/5.7.5/spring-security-oauth2-core-5.7.5.jar:/Users/d028779/.m2/repository/com/nimbusds/nimbus-jose-jwt/9.22/nimbus-jose-jwt-9.22.jar:/Users/d028779/.m2/repository/com/github/stephenc/jcip/jcip-annotations/1.0-1/jcip-annotations-1.0-1.jar:/Users/d028779/.m2/repository/org/springframework/security/spring-security-oauth2-resource-server/5.7.5/spring-security-oauth2-resource-server-5.7.5.jar:/Users/d028779/.m2/repository/org/springframework/boot/spring-boot-autoconfigure/2.7.4/spring-boot-autoconfigure-2.7.4.jar:/Users/d028779/.m2/repository/com/sap/cloud/security/java-api/2.13.3/java-api-2.13.3.jar:/Users/d028779/.m2/repository/com/sap/cloud/security/ams/client/spring-boot-starter-ams-resourceserver/0.12.2/spring-boot-starter-ams-resourceserver-0.12.2.jar:/Users/d028779/.m2/repository/com/sap/cloud/security/ams/client/spring-ams/0.12.2/spring-ams-0.12.2.jar:/Users/d028779/.m2/repository/com/sap/cloud/security/ams/client/java-ams/0.12.2/java-ams-0.12.2.jar:/Users/d028779/.m2/repository/org/springframework/security/spring-security-config/5.7.5/spring-security-config-5.7.5.jar:/Users/d028779/.m2/repository/org/springframework/boot/spring-boot-starter-security/2.7.4/spring-boot-starter-security-2.7.4.jar:/Users/d028779/.m2/repository/org/springframework/spring-aop/5.3.23/spring-aop-5.3.23.jar:/Users/d028779/.m2/repository/org/springframework/security/spring-security-web/5.7.5/spring-security-web-5.7.5.jar:/Users/d028779/.m2/repository/org/apache/httpcomponents/httpclient/4.5.13/httpclient-4.5.13.jar:/Users/d028779/.m2/repository/org/apache/httpcomponents/httpcore/4.4.15/httpcore-4.4.15.jar:/Users/d028779/.m2/repository/commons-codec/commons-codec/1.15/commons-codec-1.15.jar:/Users/d028779/.m2/repository/org/springframework/boot/spring-boot-starter-test/2.7.4/spring-boot-starter-test-2.7.4.jar:/Users/d028779/.m2/repository/org/springframework/boot/spring-boot-test/2.7.4/spring-boot-test-2.7.4.jar:/Users/d028779/.m2/repository/org/springframework/boot/spring-boot-test-autoconfigure/2.7.4/spring-boot-test-autoconfigure-2.7.4.jar:/Users/d028779/.m2/repository/com/jayway/jsonpath/json-path/2.7.0/json-path-2.7.0.jar:/Users/d028779/.m2/repository/net/minidev/json-smart/2.4.8/json-smart-2.4.8.jar:/Users/d028779/.m2/repository/net/minidev/accessors-smart/2.4.8/accessors-smart-2.4.8.jar:/Users/d028779/.m2/repository/org/ow2/asm/asm/9.1/asm-9.1.jar:/Users/d028779/.m2/repository/org/slf4j/slf4j-api/1.7.36/slf4j-api-1.7.36.jar:/Users/d028779/.m2/repository/jakarta/xml/bind/jakarta.xml.bind-api/2.3.3/jakarta.xml.bind-api-2.3.3.jar:/Users/d028779/.m2/repository/jakarta/activation/jakarta.activation-api/1.2.2/jakarta.activation-api-1.2.2.jar:/Users/d028779/.m2/repository/org/assertj/assertj-core/3.22.0/assertj-core-3.22.0.jar:/Users/d028779/.m2/repository/org/hamcrest/hamcrest/2.2/hamcrest-2.2.jar:/Users/d028779/.m2/repository/org/junit/jupiter/junit-jupiter/5.8.2/junit-jupiter-5.8.2.jar:/Users/d028779/.m2/repository/org/junit/jupiter/junit-jupiter-api/5.8.2/junit-jupiter-api-5.8.2.jar:/Users/d028779/.m2/repository/org/opentest4j/opentest4j/1.2.0/opentest4j-1.2.0.jar:/Users/d028779/.m2/repository/org/junit/platform/junit-platform-commons/1.8.2/junit-platform-commons-1.8.2.jar:/Users/d028779/.m2/repository/org/apiguardian/apiguardian-api/1.1.2/apiguardian-api-1.1.2.jar:/Users/d028779/.m2/repository/org/junit/jupiter/junit-jupiter-params/5.8.2/junit-jupiter-params-5.8.2.jar:/Users/d028779/.m2/repository/org/junit/jupiter/junit-jupiter-engine/5.8.2/junit-jupiter-engine-5.8.2.jar:/Users/d028779/.m2/repository/org/junit/platform/junit-platform-engine/1.8.2/junit-platform-engine-1.8.2.jar:/Users/d028779/.m2/repository/org/mockito/mockito-core/4.8.0/mockito-core-4.8.0.jar:/Users/d028779/.m2/repository/net/bytebuddy/byte-buddy/1.12.17/byte-buddy-1.12.17.jar:/Users/d028779/.m2/repository/net/bytebuddy/byte-buddy-agent/1.12.17/byte-buddy-agent-1.12.17.jar:/Users/d028779/.m2/repository/org/objenesis/objenesis/3.2/objenesis-3.2.jar:/Users/d028779/.m2/repository/org/mockito/mockito-junit-jupiter/4.5.1/mockito-junit-jupiter-4.5.1.jar:/Users/d028779/.m2/repository/org/springframework/spring-core/5.3.23/spring-core-5.3.23.jar:/Users/d028779/.m2/repository/org/springframework/spring-jcl/5.3.23/spring-jcl-5.3.23.jar:/Users/d028779/.m2/repository/org/springframework/spring-test/5.3.23/spring-test-5.3.23.jar:/Users/d028779/.m2/repository/org/xmlunit/xmlunit-core/2.9.0/xmlunit-core-2.9.0.jar:/Users/d028779/.m2/repository/org/springframework/security/spring-security-test/5.7.5/spring-security-test-5.7.5.jar:/Users/d028779/.m2/repository/org/springframework/security/spring-security-core/5.7.5/spring-security-core-5.7.5.jar:/Users/d028779/.m2/repository/org/springframework/security/spring-security-crypto/5.7.5/spring-security-crypto-5.7.5.jar:/Users/d028779/.m2/repository/com/sap/cloud/security/ams/client/spring-boot-starter-ams-test/0.12.2/spring-boot-starter-ams-test-0.12.2.jar:/Users/d028779/.m2/repository/com/sap/cloud/security/ams/client/java-ams-test/0.12.2/java-ams-test-0.12.2.jar:/Users/d028779/.m2/repository/com/sap/cloud/security/ams/dcl/rt.opa/0.12.2/rt.opa-0.12.2.jar:/Users/d028779/.m2/repository/com/sap/cloud/security/ams/dcl/spi/0.12.2/spi-0.12.2.jar:/Users/d028779/.m2/repository/com/google/code/gson/gson/2.9.1/gson-2.9.1.jar:/Users/d028779/.m2/repository/com/sap/cloud/security/opa/binaries.linux/0.42.1-sap-0.2.9/binaries.linux-0.42.1-sap-0.2.9.jar:/Users/d028779/.m2/repository/com/sap/cloud/security/opa/binaries.macos/0.42.1-sap-0.2.9/binaries.macos-0.42.1-sap-0.2.9.jar:/Users/d028779/.m2/repository/com/sap/cloud/security/opa/binaries.windows/0.42.1-sap-0.2.9/binaries.windows-0.42.1-sap-0.2.9.jar:/Users/d028779/.m2/repository/com/sap/cloud/security/ams/dcl/client/0.12.2/client-0.12.2.jar:/Users/d028779/.m2/repository/com/sap/cloud/security/java-security-test/2.13.3/java-security-test-2.13.3.jar:/Users/d028779/.m2/repository/org/eclipse/jetty/jetty-server/9.4.49.v20220914/jetty-server-9.4.49.v20220914.jar:/Users/d028779/.m2/repository/org/eclipse/jetty/jetty-http/9.4.49.v20220914/jetty-http-9.4.49.v20220914.jar:/Users/d028779/.m2/repository/org/eclipse/jetty/jetty-servlet/9.4.49.v20220914/jetty-servlet-9.4.49.v20220914.jar:/Users/d028779/.m2/repository/org/eclipse/jetty/jetty-security/9.4.49.v20220914/jetty-security-9.4.49.v20220914.jar:/Users/d028779/.m2/repository/org/eclipse/jetty/jetty-util-ajax/9.4.49.v20220914/jetty-util-ajax-9.4.49.v20220914.jar:/Users/d028779/.m2/repository/org/eclipse/jetty/jetty-webapp/9.4.49.v20220914/jetty-webapp-9.4.49.v20220914.jar:/Users/d028779/.m2/repository/org/eclipse/jetty/jetty-xml/9.4.49.v20220914/jetty-xml-9.4.49.v20220914.jar:/Users/d028779/.m2/repository/org/eclipse/jetty/jetty-annotations/9.4.49.v20220914/jetty-annotations-9.4.49.v20220914.jar:/Users/d028779/.m2/repository/org/eclipse/jetty/jetty-plus/9.4.49.v20220914/jetty-plus-9.4.49.v20220914.jar:/Users/d028779/.m2/repository/org/eclipse/jetty/jetty-jndi/9.4.49.v20220914/jetty-jndi-9.4.49.v20220914.jar:/Users/d028779/.m2/repository/javax/annotation/javax.annotation-api/1.3.2/javax.annotation-api-1.3.2.jar:/Users/d028779/.m2/repository/org/ow2/asm/asm-commons/9.3/asm-commons-9.3.jar:/Users/d028779/.m2/repository/org/ow2/asm/asm-tree/9.3/asm-tree-9.3.jar:/Users/d028779/.m2/repository/org/ow2/asm/asm-analysis/9.3/asm-analysis-9.3.jar:/Users/d028779/.m2/repository/org/eclipse/jetty/jetty-io/9.4.49.v20220914/jetty-io-9.4.49.v20220914.jar:/Users/d028779/.m2/repository/org/eclipse/jetty/jetty-util/9.4.49.v20220914/jetty-util-9.4.49.v20220914.jar:/Users/d028779/.m2/repository/com/github/tomakehurst/wiremock-jre8/2.33.2/wiremock-jre8-2.33.2.jar:/Users/d028779/.m2/repository/org/eclipse/jetty/jetty-servlets/9.4.49.v20220914/jetty-servlets-9.4.49.v20220914.jar:/Users/d028779/.m2/repository/org/eclipse/jetty/jetty-continuation/9.4.49.v20220914/jetty-continuation-9.4.49.v20220914.jar:/Users/d028779/.m2/repository/org/eclipse/jetty/jetty-proxy/9.4.49.v20220914/jetty-proxy-9.4.49.v20220914.jar:/Users/d028779/.m2/repository/org/eclipse/jetty/jetty-client/9.4.49.v20220914/jetty-client-9.4.49.v20220914.jar:/Users/d028779/.m2/repository/org/eclipse/jetty/http2/http2-server/9.4.49.v20220914/http2-server-9.4.49.v20220914.jar:/Users/d028779/.m2/repository/org/eclipse/jetty/http2/http2-common/9.4.49.v20220914/http2-common-9.4.49.v20220914.jar:/Users/d028779/.m2/repository/org/eclipse/jetty/http2/http2-hpack/9.4.49.v20220914/http2-hpack-9.4.49.v20220914.jar:/Users/d028779/.m2/repository/org/eclipse/jetty/jetty-alpn-server/9.4.49.v20220914/jetty-alpn-server-9.4.49.v20220914.jar:/Users/d028779/.m2/repository/org/eclipse/jetty/jetty-alpn-java-server/9.4.49.v20220914/jetty-alpn-java-server-9.4.49.v20220914.jar:/Users/d028779/.m2/repository/org/eclipse/jetty/jetty-alpn-openjdk8-server/9.4.49.v20220914/jetty-alpn-openjdk8-server-9.4.49.v20220914.jar:/Users/d028779/.m2/repository/org/eclipse/jetty/jetty-alpn-java-client/9.4.49.v20220914/jetty-alpn-java-client-9.4.49.v20220914.jar:/Users/d028779/.m2/repository/org/eclipse/jetty/jetty-alpn-client/9.4.49.v20220914/jetty-alpn-client-9.4.49.v20220914.jar:/Users/d028779/.m2/repository/org/eclipse/jetty/jetty-alpn-openjdk8-client/9.4.49.v20220914/jetty-alpn-openjdk8-client-9.4.49.v20220914.jar:/Users/d028779/.m2/repository/com/google/guava/guava/30.0-jre/guava-30.0-jre.jar:/Users/d028779/.m2/repository/com/google/guava/failureaccess/1.0.1/failureaccess-1.0.1.jar:/Users/d028779/.m2/repository/com/google/guava/listenablefuture/9999.0-empty-to-avoid-conflict-with-guava/listenablefuture-9999.0-empty-to-avoid-conflict-with-guava.jar:/Users/d028779/.m2/repository/com/google/j2objc/j2objc-annotations/1.3/j2objc-annotations-1.3.jar:/Users/d028779/.m2/repository/org/apache/httpcomponents/client5/httpclient5/5.1.3/httpclient5-5.1.3.jar:/Users/d028779/.m2/repository/org/apache/httpcomponents/core5/httpcore5/5.1.4/httpcore5-5.1.4.jar:/Users/d028779/.m2/repository/org/apache/httpcomponents/core5/httpcore5-h2/5.1.4/httpcore5-h2-5.1.4.jar:/Users/d028779/.m2/repository/org/xmlunit/xmlunit-legacy/2.9.0/xmlunit-legacy-2.9.0.jar:/Users/d028779/.m2/repository/org/xmlunit/xmlunit-placeholders/2.9.0/xmlunit-placeholders-2.9.0.jar:/Users/d028779/.m2/repository/net/javacrumbs/json-unit/json-unit-core/2.33.0/json-unit-core-2.33.0.jar:/Users/d028779/.m2/repository/org/hamcrest/hamcrest-core/2.2/hamcrest-core-2.2.jar:/Users/d028779/.m2/repository/net/sf/jopt-simple/jopt-simple/5.0.4/jopt-simple-5.0.4.jar:/Users/d028779/.m2/repository/org/apache/commons/commons-lang3/3.12.0/commons-lang3-3.12.0.jar:/Users/d028779/.m2/repository/com/github/jknack/handlebars/4.3.0/handlebars-4.3.0.jar:/Users/d028779/.m2/repository/com/github/jknack/handlebars-helpers/4.3.0/handlebars-helpers-4.3.0.jar:/Users/d028779/.m2/repository/commons-fileupload/commons-fileupload/1.4/commons-fileupload-1.4.jar:"/>
    <property name="sun.cpu.endian" value="little"/>
    <property name="user.home" value="/Users/d028779"/>
    <property name="user.language" value="en"/>
    <property name="java.specification.vendor" value="Oracle Corporation"/>
    <property name="java.version.date" value="2021-04-20"/>
    <property name="java.home" value="/Library/Java/JavaVirtualMachines/adoptopenjdk-11.jdk/Contents/Home"/>
    <property name="file.separator" value="/"/>
    <property name="basedir" value="/Users/d028779/GitHub/cloud-authorization-samples/spring-security-ams"/>
    <property name="java.vm.compressedOopsMode" value="Zero based"/>
    <property name="line.separator" value="&#10;"/>
    <property name="java.specification.name" value="Java Platform API Specification"/>
    <property name="java.vm.specification.vendor" value="Oracle Corporation"/>
    <property name="java.awt.graphicsenv" value="sun.awt.CGraphicsEnvironment"/>
    <property name="surefire.real.class.path" value="/Users/d028779/GitHub/cloud-authorization-samples/spring-security-ams/target/surefire/surefirebooter2659956898560769839.jar"/>
    <property name="sun.management.compiler" value="HotSpot 64-Bit Tiered Compilers"/>
    <property name="java.runtime.version" value="11.0.11+9"/>
    <property name="user.name" value="d028779"/>
    <property name="path.separator" value=":"/>
    <property name="os.version" value="11.5"/>
    <property name="java.runtime.name" value="OpenJDK Runtime Environment"/>
    <property name="file.encoding" value="UTF-8"/>
    <property name="java.vm.name" value="OpenJDK 64-Bit Server VM"/>
    <property name="java.vendor.version" value="AdoptOpenJDK-11.0.11+9"/>
    <property name="localRepository" value="/Users/d028779/.m2/repository"/>
    <property name="java.vendor.url.bug" value="https://github.com/AdoptOpenJDK/openjdk-support/issues"/>
    <property name="java.io.tmpdir" value="/var/folders/4b/4hmn3w3970s477k6bzjw917r0000gn/T/"/>
    <property name="java.version" value="11.0.11"/>
    <property name="user.dir" value="/Users/d028779/GitHub/cloud-authorization-samples/spring-security-ams"/>
    <property name="os.arch" value="x86_64"/>
    <property name="java.vm.specification.name" value="Java Virtual Machine Specification"/>
    <property name="java.awt.printerjob" value="sun.lwawt.macosx.CPrinterJob"/>
    <property name="sun.os.patch.level" value="unknown"/>
    <property name="java.library.path" value="/Users/d028779/Library/Java/Extensions:/Library/Java/Extensions:/Network/Library/Java/Extensions:/System/Library/Java/Extensions:/usr/lib/java:."/>
    <property name="java.vm.info" value="mixed mode"/>
    <property name="java.vendor" value="AdoptOpenJDK"/>
    <property name="java.vm.version" value="11.0.11+9"/>
    <property name="sun.io.unicode.encoding" value="UnicodeBig"/>
    <property name="java.class.version" value="55.0"/>
  </properties>
  <testcase name="whenLoadApplication_thenSuccess" classname="com.sap.cloud.security.samples.ApplicationTest" time="0.021"/>
</testsuite>