<testsuites name="com.sap.cloud.security.ams.samples__spring-security-ams__consumerclient" tests="1" errors="0" failures="0" skipped="0">
<testsuite name="com.sap.cloud.security.ams.samples__spring-security-ams__consumerclient.plan_test" tests="1" errors="0" failures="0" skipped="0" id="0">
<testcase name="consumerClientTest" time="0.002" className="com.sap.cloud.security.ams.samples__spring-security-ams__consumerclient.plan_test"></testcase>
</testsuite>
</testsuites>
